<?xml version="1.0" encoding="UTF-8"?>
<!-- Generated by org.testng.reporters.JUnitReportReporter -->
<testsuite hostname="DESKTOP-31QM75N" failures="0" tests="1" name="com.TestRunner.TestRunnerPractice" time="4.733" errors="0" timestamp="2023-02-20T20:28:06 IST" skipped="0">
  <testcase classname="com.TestRunner.TestRunnerPractice" name="runScenario" time="4.733"/>
  <system-out/>
</testsuite> <!-- com.TestRunner.TestRunnerPractice -->
